<?xml version="1.0" encoding="UTF-8"?>
<!-- Generated by org.testng.reporters.JUnitReportReporter -->
<testsuite skipped="0" hostname="Sunny-PC" name="com.qa.tests.PostApiTest" tests="1" failures="0" timestamp="24 五月 2018 14:53:35 GMT" time="1.658" errors="0">
  <testcase name="postApiTest" time="1.658" classname="com.qa.tests.PostApiTest"/>
</testsuite> <!-- com.qa.tests.PostApiTest -->
