<?xml version="1.0" encoding="UTF-8"?>
<!-- Generated by org.testng.reporters.JUnitReportReporter -->
<testsuite skipped="0" hostname="Sunny-PC" name="com.qa.tests.DeleteApiTest" tests="1" failures="0" timestamp="24 五月 2018 14:49:03 GMT" time="1.637" errors="0">
  <testcase name="deleteApiTest" time="1.637" classname="com.qa.tests.DeleteApiTest"/>
</testsuite> <!-- com.qa.tests.DeleteApiTest -->
