<?xml version="1.0" encoding="UTF-8"?>
<!-- Generated by org.testng.reporters.JUnitReportReporter -->
<testsuite skipped="0" hostname="Sunny-PC" name="com.qa.tests.GetApiTest" tests="1" failures="0" timestamp="31 五月 2018 13:43:22 GMT" time="1.441" errors="0">
  <testcase name="getAPITest" time="1.441" classname="com.qa.tests.GetApiTest"/>
</testsuite> <!-- com.qa.tests.GetApiTest -->
