<?xml version="1.0" encoding="UTF-8"?>
<!-- Generated by org.testng.reporters.JUnitReportReporter -->
<testsuite skipped="0" hostname="Sunny-PC" name="com.qa.tests.PutApiTest" tests="1" failures="0" timestamp="24 五月 2018 14:55:31 GMT" time="3.579" errors="0">
  <testcase name="putTest" time="3.579" classname="com.qa.tests.PutApiTest"/>
</testsuite> <!-- com.qa.tests.PutApiTest -->
