<?xml version="1.0" encoding="UTF-8"?>
<!-- Generated by org.testng.reporters.JUnitReportReporter -->
<testsuite skipped="0" hostname="Sunny-PC" name="com.testlink.tests.ConnectTest" tests="1" failures="0" timestamp="31 五月 2018 15:24:19 GMT" time="1.101" errors="0">
  <testcase name="connectTestlink" time="1.101" classname="com.testlink.tests.ConnectTest"/>
</testsuite> <!-- com.testlink.tests.ConnectTest -->
