<?xml version="1.0" encoding="UTF-8"?>
<!-- Generated by org.testng.reporters.JUnitReportReporter -->
<testsuite skipped="0" hostname="Sunny-PC" name="com.testlink.tests.ConnectTest2" tests="1" failures="0" timestamp="01 六月 2018 15:49:37 GMT" time="0.807" errors="0">
  <testcase name="testConnect" time="0.807" classname="com.testlink.tests.ConnectTest2"/>
</testsuite> <!-- com.testlink.tests.ConnectTest2 -->
